<?xml version="1.0" encoding="UTF-8"?>
<testng-results ignored="0" total="1" passed="1" failed="0" skipped="0">
  <reporter-output>
  </reporter-output>
  <suite started-at="2022-10-20T20:50:59 IST" name="Default suite" finished-at="2022-10-20T20:51:10 IST" duration-ms="11547">
    <groups>
    </groups>
    <test started-at="2022-10-20T20:50:59 IST" name="Default test" finished-at="2022-10-20T20:51:10 IST" duration-ms="11547">
      <class name="controlExample.HandleAlertExample">
        <test-method is-config="true" signature="launchApp()[pri:0, instance:controlExample.HandleAlertExample@101952da]" started-at="2022-10-20T20:50:59 IST" name="launchApp" finished-at="2022-10-20T20:51:04 IST" duration-ms="5370" status="PASS">
          <reporter-output>
          </reporter-output>
        </test-method> <!-- launchApp -->
        <test-method signature="simpleAlert()[pri:0, instance:controlExample.HandleAlertExample@101952da]" started-at="2022-10-20T20:51:04 IST" name="simpleAlert" finished-at="2022-10-20T20:51:06 IST" duration-ms="2127" status="PASS">
          <reporter-output>
          </reporter-output>
        </test-method> <!-- simpleAlert -->
        <test-method is-config="true" signature="closeApp()[pri:0, instance:controlExample.HandleAlertExample@101952da]" started-at="2022-10-20T20:51:06 IST" name="closeApp" finished-at="2022-10-20T20:51:10 IST" duration-ms="4011" status="PASS">
          <reporter-output>
          </reporter-output>
        </test-method> <!-- closeApp -->
      </class> <!-- controlExample.HandleAlertExample -->
    </test> <!-- Default test -->
  </suite> <!-- Default suite -->
</testng-results>
