<?xml version="1.0" encoding="UTF-8"?>
<testng-results ignored="0" total="1" passed="1" failed="0" skipped="0">
  <reporter-output>
  </reporter-output>
  <suite started-at="2022-11-18T09:30:20 IST" name="Default suite" finished-at="2022-11-18T09:30:20 IST" duration-ms="38">
    <groups>
    </groups>
    <test started-at="2022-11-18T09:30:20 IST" name="Default test" finished-at="2022-11-18T09:30:20 IST" duration-ms="38">
      <class name="samplePackage.NewTest">
        <test-method signature="test1()[pri:0, instance:samplePackage.NewTest@63a12c68]" started-at="2022-11-18T09:30:20 IST" name="test1" finished-at="2022-11-18T09:30:20 IST" duration-ms="6" status="PASS">
          <reporter-output>
          </reporter-output>
        </test-method> <!-- test1 -->
      </class> <!-- samplePackage.NewTest -->
    </test> <!-- Default test -->
  </suite> <!-- Default suite -->
</testng-results>
